[2023-05-18 17:09:40] local.ERROR: Undefined array key "password" {"exception":"[object] (ErrorException(code: 0): Undefined array key \"password\" at C:\\Users\\ACER\\Documents\\laravel\\test-api5\\vendor\\laravel\\framework\\src\\Illuminate\\Auth\\EloquentUserProvider.php:151)
[stacktrace]
#0 C:\\Users\\ACER\\Documents\\laravel\\test-api5\\vendor\\laravel\\framework\\src\\Illuminate\\Foundation\\Bootstrap\\HandleExceptions.php(254): Illuminate\\Foundation\\Bootstrap\\HandleExceptions->handleError(2, 'Undefined array...', 'C:\\\\Users\\\\ACER\\\\D...', 151)
#1 C:\\Users\\ACER\\Documents\\laravel\\test-api5\\vendor\\laravel\\framework\\src\\Illuminate\\Auth\\EloquentUserProvider.php(151): Illuminate\\Foundation\\Bootstrap\\HandleExceptions->Illuminate\\Foundation\\Bootstrap\\{closure}(2, 'Undefined array...', 'C:\\\\Users\\\\ACER\\\\D...', 151)
#2 C:\\Users\\ACER\\Documents\\laravel\\test-api5\\vendor\\laravel\\framework\\src\\Illuminate\\Auth\\SessionGuard.php(438): Illuminate\\Auth\\EloquentUserProvider->validateCredentials(Object(App\\Models\\User), Array)
#3 C:\\Users\\ACER\\Documents\\laravel\\test-api5\\vendor\\laravel\\framework\\src\\Illuminate\\Support\\Timebox.php(32): Illuminate\\Auth\\SessionGuard->Illuminate\\Auth\\{closure}(Object(Illuminate\\Support\\Timebox))
#4 C:\\Users\\ACER\\Documents\\laravel\\test-api5\\vendor\\laravel\\framework\\src\\Illuminate\\Auth\\SessionGuard.php(437): Illuminate\\Support\\Timebox->call(Object(Closure), 200000)
#5 C:\\Users\\ACER\\Documents\\laravel\\test-api5\\vendor\\laravel\\framework\\src\\Illuminate\\Auth\\SessionGuard.php(281): Illuminate\\Auth\\SessionGuard->hasValidCredentials(Object(App\\Models\\User), Array)
#6 C:\\Users\\ACER\\Documents\\laravel\\test-api5\\vendor\\laravel\\framework\\src\\Illuminate\\Auth\\SessionGuard.php(245): Illuminate\\Auth\\SessionGuard->validate(Array)
#7 C:\\Users\\ACER\\Documents\\laravel\\test-api5\\vendor\\tymon\\jwt-auth\\src\\Providers\\Auth\\Illuminate.php(45): Illuminate\\Auth\\SessionGuard->once(Array)
#8 C:\\Users\\ACER\\Documents\\laravel\\test-api5\\vendor\\tymon\\jwt-auth\\src\\JWTAuth.php(49): Tymon\\JWTAuth\\Providers\\Auth\\Illuminate->byCredentials(Array)
#9 C:\\Users\\ACER\\Documents\\laravel\\test-api5\\vendor\\laravel\\framework\\src\\Illuminate\\Support\\Facades\\Facade.php(353): Tymon\\JWTAuth\\JWTAuth->attempt(Array)
#10 C:\\Users\\ACER\\Documents\\laravel\\test-api5\\app\\Http\\Controllers\\LoginController.php(26): Illuminate\\Support\\Facades\\Facade::__callStatic('attempt', Array)
#11 C:\\Users\\ACER\\Documents\\laravel\\test-api5\\vendor\\laravel\\framework\\src\\Illuminate\\Routing\\Controller.php(54): App\\Http\\Controllers\\LoginController->login(Object(Illuminate\\Http\\Request))
#12 C:\\Users\\ACER\\Documents\\laravel\\test-api5\\vendor\\laravel\\framework\\src\\Illuminate\\Routing\\ControllerDispatcher.php(43): Illuminate\\Routing\\Controller->callAction('login', Array)
#13 C:\\Users\\ACER\\Documents\\laravel\\test-api5\\vendor\\laravel\\framework\\src\\Illuminate\\Routing\\Route.php(259): Illuminate\\Routing\\ControllerDispatcher->dispatch(Object(Illuminate\\Routing\\Route), Object(App\\Http\\Controllers\\LoginController), 'login')
#14 C:\\Users\\ACER\\Documents\\laravel\\test-api5\\vendor\\laravel\\framework\\src\\Illuminate\\Routing\\Route.php(205): Illuminate\\Routing\\Route->runController()
#15 C:\\Users\\ACER\\Documents\\laravel\\test-api5\\vendor\\laravel\\framework\\src\\Illuminate\\Routing\\Router.php(798): Illuminate\\Routing\\Route->run()
#16 C:\\Users\\ACER\\Documents\\laravel\\test-api5\\vendor\\laravel\\framework\\src\\Illuminate\\Pipeline\\Pipeline.php(141): Illuminate\\Routing\\Router->Illuminate\\Routing\\{closure}(Object(Illuminate\\Http\\Request))
#17 C:\\Users\\ACER\\Documents\\laravel\\test-api5\\vendor\\laravel\\framework\\src\\Illuminate\\Routing\\Middleware\\SubstituteBindings.php(50): Illuminate\\Pipeline\\Pipeline->Illuminate\\Pipeline\\{closure}(Object(Illuminate\\Http\\Request))
#18 C:\\Users\\ACER\\Documents\\laravel\\test-api5\\vendor\\laravel\\framework\\src\\Illuminate\\Pipeline\\Pipeline.php(180): Illuminate\\Routing\\Middleware\\SubstituteBindings->handle(Object(Illuminate\\Http\\Request), Object(Closure))
#19 C:\\Users\\ACER\\Documents\\laravel\\test-api5\\vendor\\laravel\\framework\\src\\Illuminate\\Routing\\Middleware\\ThrottleRequests.php(152): Illuminate\\Pipeline\\Pipeline->Illuminate\\Pipeline\\{closure}(Object(Illuminate\\Http\\Request))
#20 C:\\Users\\ACER\\Documents\\laravel\\test-api5\\vendor\\laravel\\framework\\src\\Illuminate\\Routing\\Middleware\\ThrottleRequests.php(118): Illuminate\\Routing\\Middleware\\ThrottleRequests->handleRequest(Object(Illuminate\\Http\\Request), Object(Closure), Array)
#21 C:\\Users\\ACER\\Documents\\laravel\\test-api5\\vendor\\laravel\\framework\\src\\Illuminate\\Routing\\Middleware\\ThrottleRequests.php(80): Illuminate\\Routing\\Middleware\\ThrottleRequests->handleRequestUsingNamedLimiter(Object(Illuminate\\Http\\Request), Object(Closure), 'api', Object(Closure))
#22 C:\\Users\\ACER\\Documents\\laravel\\test-api5\\vendor\\laravel\\framework\\src\\Illuminate\\Pipeline\\Pipeline.php(180): Illuminate\\Routing\\Middleware\\ThrottleRequests->handle(Object(Illuminate\\Http\\Request), Object(Closure), 'api')
#23 C:\\Users\\ACER\\Documents\\laravel\\test-api5\\vendor\\laravel\\sanctum\\src\\Http\\Middleware\\EnsureFrontendRequestsAreStateful.php(25): Illuminate\\Pipeline\\Pipeline->Illuminate\\Pipeline\\{closure}(Object(Illuminate\\Http\\Request))
#24 C:\\Users\\ACER\\Documents\\laravel\\test-api5\\vendor\\laravel\\framework\\src\\Illuminate\\Pipeline\\Pipeline.php(141): Laravel\\Sanctum\\Http\\Middleware\\EnsureFrontendRequestsAreStateful->Laravel\\Sanctum\\Http\\Middleware\\{closure}(Object(Illuminate\\Http\\Request))
#25 C:\\Users\\ACER\\Documents\\laravel\\test-api5\\vendor\\laravel\\framework\\src\\Illuminate\\Pipeline\\Pipeline.php(116): Illuminate\\Pipeline\\Pipeline->Illuminate\\Pipeline\\{closure}(Object(Illuminate\\Http\\Request))
#26 C:\\Users\\ACER\\Documents\\laravel\\test-api5\\vendor\\laravel\\sanctum\\src\\Http\\Middleware\\EnsureFrontendRequestsAreStateful.php(24): Illuminate\\Pipeline\\Pipeline->then(Object(Closure))
#27 C:\\Users\\ACER\\Documents\\laravel\\test-api5\\vendor\\laravel\\framework\\src\\Illuminate\\Pipeline\\Pipeline.php(180): Laravel\\Sanctum\\Http\\Middleware\\EnsureFrontendRequestsAreStateful->handle(Object(Illuminate\\Http\\Request), Object(Closure))
#28 C:\\Users\\ACER\\Documents\\laravel\\test-api5\\vendor\\laravel\\framework\\src\\Illuminate\\Pipeline\\Pipeline.php(116): Illuminate\\Pipeline\\Pipeline->Illuminate\\Pipeline\\{closure}(Object(Illuminate\\Http\\Request))
#29 C:\\Users\\ACER\\Documents\\laravel\\test-api5\\vendor\\laravel\\framework\\src\\Illuminate\\Routing\\Router.php(797): Illuminate\\Pipeline\\Pipeline->then(Object(Closure))
#30 C:\\Users\\ACER\\Documents\\laravel\\test-api5\\vendor\\laravel\\framework\\src\\Illuminate\\Routing\\Router.php(776): Illuminate\\Routing\\Router->runRouteWithinStack(Object(Illuminate\\Routing\\Route), Object(Illuminate\\Http\\Request))
#31 C:\\Users\\ACER\\Documents\\laravel\\test-api5\\vendor\\laravel\\framework\\src\\Illuminate\\Routing\\Router.php(740): Illuminate\\Routing\\Router->runRoute(Object(Illuminate\\Http\\Request), Object(Illuminate\\Routing\\Route))
#32 C:\\Users\\ACER\\Documents\\laravel\\test-api5\\vendor\\laravel\\framework\\src\\Illuminate\\Routing\\Router.php(729): Illuminate\\Routing\\Router->dispatchToRoute(Object(Illuminate\\Http\\Request))
#33 C:\\Users\\ACER\\Documents\\laravel\\test-api5\\vendor\\laravel\\framework\\src\\Illuminate\\Foundation\\Http\\Kernel.php(200): Illuminate\\Routing\\Router->dispatch(Object(Illuminate\\Http\\Request))
#34 C:\\Users\\ACER\\Documents\\laravel\\test-api5\\vendor\\laravel\\framework\\src\\Illuminate\\Pipeline\\Pipeline.php(141): Illuminate\\Foundation\\Http\\Kernel->Illuminate\\Foundation\\Http\\{closure}(Object(Illuminate\\Http\\Request))
#35 C:\\Users\\ACER\\Documents\\laravel\\test-api5\\vendor\\laravel\\framework\\src\\Illuminate\\Foundation\\Http\\Middleware\\TransformsRequest.php(21): Illuminate\\Pipeline\\Pipeline->Illuminate\\Pipeline\\{closure}(Object(Illuminate\\Http\\Request))
#36 C:\\Users\\ACER\\Documents\\laravel\\test-api5\\vendor\\laravel\\framework\\src\\Illuminate\\Foundation\\Http\\Middleware\\ConvertEmptyStringsToNull.php(31): Illuminate\\Foundation\\Http\\Middleware\\TransformsRequest->handle(Object(Illuminate\\Http\\Request), Object(Closure))
#37 C:\\Users\\ACER\\Documents\\laravel\\test-api5\\vendor\\laravel\\framework\\src\\Illuminate\\Pipeline\\Pipeline.php(180): Illuminate\\Foundation\\Http\\Middleware\\ConvertEmptyStringsToNull->handle(Object(Illuminate\\Http\\Request), Object(Closure))
#38 C:\\Users\\ACER\\Documents\\laravel\\test-api5\\vendor\\laravel\\framework\\src\\Illuminate\\Foundation\\Http\\Middleware\\TransformsRequest.php(21): Illuminate\\Pipeline\\Pipeline->Illuminate\\Pipeline\\{closure}(Object(Illuminate\\Http\\Request))
#39 C:\\Users\\ACER\\Documents\\laravel\\test-api5\\vendor\\laravel\\framework\\src\\Illuminate\\Foundation\\Http\\Middleware\\TrimStrings.php(40): Illuminate\\Foundation\\Http\\Middleware\\TransformsRequest->handle(Object(Illuminate\\Http\\Request), Object(Closure))
#40 C:\\Users\\ACER\\Documents\\laravel\\test-api5\\vendor\\laravel\\framework\\src\\Illuminate\\Pipeline\\Pipeline.php(180): Illuminate\\Foundation\\Http\\Middleware\\TrimStrings->handle(Object(Illuminate\\Http\\Request), Object(Closure))
#41 C:\\Users\\ACER\\Documents\\laravel\\test-api5\\vendor\\laravel\\framework\\src\\Illuminate\\Foundation\\Http\\Middleware\\ValidatePostSize.php(27): Illuminate\\Pipeline\\Pipeline->Illuminate\\Pipeline\\{closure}(Object(Illuminate\\Http\\Request))
#42 C:\\Users\\ACER\\Documents\\laravel\\test-api5\\vendor\\laravel\\framework\\src\\Illuminate\\Pipeline\\Pipeline.php(180): Illuminate\\Foundation\\Http\\Middleware\\ValidatePostSize->handle(Object(Illuminate\\Http\\Request), Object(Closure))
#43 C:\\Users\\ACER\\Documents\\laravel\\test-api5\\vendor\\laravel\\framework\\src\\Illuminate\\Foundation\\Http\\Middleware\\PreventRequestsDuringMaintenance.php(86): Illuminate\\Pipeline\\Pipeline->Illuminate\\Pipeline\\{closure}(Object(Illuminate\\Http\\Request))
#44 C:\\Users\\ACER\\Documents\\laravel\\test-api5\\vendor\\laravel\\framework\\src\\Illuminate\\Pipeline\\Pipeline.php(180): Illuminate\\Foundation\\Http\\Middleware\\PreventRequestsDuringMaintenance->handle(Object(Illuminate\\Http\\Request), Object(Closure))
#45 C:\\Users\\ACER\\Documents\\laravel\\test-api5\\vendor\\laravel\\framework\\src\\Illuminate\\Http\\Middleware\\HandleCors.php(62): Illuminate\\Pipeline\\Pipeline->Illuminate\\Pipeline\\{closure}(Object(Illuminate\\Http\\Request))
#46 C:\\Users\\ACER\\Documents\\laravel\\test-api5\\vendor\\laravel\\framework\\src\\Illuminate\\Pipeline\\Pipeline.php(180): Illuminate\\Http\\Middleware\\HandleCors->handle(Object(Illuminate\\Http\\Request), Object(Closure))
#47 C:\\Users\\ACER\\Documents\\laravel\\test-api5\\vendor\\laravel\\framework\\src\\Illuminate\\Http\\Middleware\\TrustProxies.php(39): Illuminate\\Pipeline\\Pipeline->Illuminate\\Pipeline\\{closure}(Object(Illuminate\\Http\\Request))
#48 C:\\Users\\ACER\\Documents\\laravel\\test-api5\\vendor\\laravel\\framework\\src\\Illuminate\\Pipeline\\Pipeline.php(180): Illuminate\\Http\\Middleware\\TrustProxies->handle(Object(Illuminate\\Http\\Request), Object(Closure))
#49 C:\\Users\\ACER\\Documents\\laravel\\test-api5\\vendor\\laravel\\framework\\src\\Illuminate\\Pipeline\\Pipeline.php(116): Illuminate\\Pipeline\\Pipeline->Illuminate\\Pipeline\\{closure}(Object(Illuminate\\Http\\Request))
#50 C:\\Users\\ACER\\Documents\\laravel\\test-api5\\vendor\\laravel\\framework\\src\\Illuminate\\Foundation\\Http\\Kernel.php(175): Illuminate\\Pipeline\\Pipeline->then(Object(Closure))
#51 C:\\Users\\ACER\\Documents\\laravel\\test-api5\\vendor\\laravel\\framework\\src\\Illuminate\\Foundation\\Http\\Kernel.php(144): Illuminate\\Foundation\\Http\\Kernel->sendRequestThroughRouter(Object(Illuminate\\Http\\Request))
#52 C:\\Users\\ACER\\Documents\\laravel\\test-api5\\public\\index.php(51): Illuminate\\Foundation\\Http\\Kernel->handle(Object(Illuminate\\Http\\Request))
#53 C:\\Users\\ACER\\Documents\\laravel\\test-api5\\vendor\\laravel\\framework\\src\\Illuminate\\Foundation\\resources\\server.php(16): require_once('C:\\\\Users\\\\ACER\\\\D...')
#54 {main}
"} 
